{"/Users/jutianfeng/Desktop/mini-ts-utils/src/array.ts": {"path":"/Users/jutianfeng/Desktop/mini-ts-utils/src/array.ts","all":false,"statementMap":{"0":{"start":{"line":1,"column":0},"end":{"line":1,"column":55}},"1":{"start":{"line":2,"column":0},"end":{"line":2,"column":26}},"2":{"start":{"line":3,"column":0},"end":{"line":3,"column":24}},"3":{"start":{"line":4,"column":0},"end":{"line":4,"column":82}},"4":{"start":{"line":5,"column":0},"end":{"line":5,"column":13}},"5":{"start":{"line":6,"column":0},"end":{"line":6,"column":1}},"6":{"start":{"line":7,"column":0},"end":{"line":7,"column":0}},"7":{"start":{"line":8,"column":0},"end":{"line":8,"column":83}},"8":{"start":{"line":9,"column":0},"end":{"line":9,"column":38}},"9":{"start":{"line":10,"column":0},"end":{"line":10,"column":1}},"10":{"start":{"line":11,"column":0},"end":{"line":11,"column":0}},"11":{"start":{"line":12,"column":0},"end":{"line":12,"column":47}},"12":{"start":{"line":13,"column":0},"end":{"line":13,"column":57}},"13":{"start":{"line":14,"column":0},"end":{"line":14,"column":1}},"14":{"start":{"line":15,"column":0},"end":{"line":15,"column":0}},"15":{"start":{"line":16,"column":0},"end":{"line":16,"column":51}},"16":{"start":{"line":17,"column":0},"end":{"line":17,"column":22}},"17":{"start":{"line":18,"column":0},"end":{"line":18,"column":74}},"18":{"start":{"line":19,"column":0},"end":{"line":19,"column":6}},"19":{"start":{"line":20,"column":0},"end":{"line":20,"column":4}},"20":{"start":{"line":21,"column":0},"end":{"line":21,"column":1}},"21":{"start":{"line":22,"column":0},"end":{"line":22,"column":0}},"22":{"start":{"line":23,"column":0},"end":{"line":23,"column":42}},"23":{"start":{"line":24,"column":0},"end":{"line":24,"column":29}},"24":{"start":{"line":25,"column":0},"end":{"line":25,"column":1}},"25":{"start":{"line":26,"column":0},"end":{"line":26,"column":0}},"26":{"start":{"line":27,"column":0},"end":{"line":27,"column":54}},"27":{"start":{"line":28,"column":0},"end":{"line":28,"column":26}},"28":{"start":{"line":29,"column":0},"end":{"line":29,"column":36}},"29":{"start":{"line":30,"column":0},"end":{"line":30,"column":1}}},"s":{"0":1,"1":2,"2":1,"3":2,"4":1,"5":1,"6":1,"7":1,"8":1,"9":1,"10":1,"11":1,"12":1,"13":1,"14":1,"15":1,"16":4,"17":4,"18":4,"19":4,"20":4,"21":1,"22":1,"23":1,"24":1,"25":1,"26":1,"27":1,"28":1,"29":1},"branchMap":{"0":{"type":"branch","line":1,"loc":{"start":{"line":1,"column":7},"end":{"line":6,"column":1}},"locations":[{"start":{"line":1,"column":7},"end":{"line":6,"column":1}}]},"1":{"type":"branch","line":2,"loc":{"start":{"line":2,"column":16},"end":{"line":4,"column":51}},"locations":[{"start":{"line":2,"column":16},"end":{"line":4,"column":51}}]},"2":{"type":"branch","line":4,"loc":{"start":{"line":4,"column":47},"end":{"line":4,"column":82}},"locations":[{"start":{"line":4,"column":47},"end":{"line":4,"column":82}}]},"3":{"type":"branch","line":4,"loc":{"start":{"line":4,"column":80},"end":{"line":6,"column":1}},"locations":[{"start":{"line":4,"column":80},"end":{"line":6,"column":1}}]},"4":{"type":"branch","line":8,"loc":{"start":{"line":8,"column":7},"end":{"line":10,"column":1}},"locations":[{"start":{"line":8,"column":7},"end":{"line":10,"column":1}}]},"5":{"type":"branch","line":12,"loc":{"start":{"line":12,"column":7},"end":{"line":14,"column":1}},"locations":[{"start":{"line":12,"column":7},"end":{"line":14,"column":1}}]},"6":{"type":"branch","line":13,"loc":{"start":{"line":13,"column":22},"end":{"line":13,"column":53}},"locations":[{"start":{"line":13,"column":22},"end":{"line":13,"column":53}}]},"7":{"type":"branch","line":16,"loc":{"start":{"line":16,"column":7},"end":{"line":21,"column":1}},"locations":[{"start":{"line":16,"column":7},"end":{"line":21,"column":1}}]},"8":{"type":"branch","line":18,"loc":{"start":{"line":18,"column":4},"end":{"line":18,"column":74}},"locations":[{"start":{"line":18,"column":4},"end":{"line":18,"column":74}}]},"9":{"type":"branch","line":18,"loc":{"start":{"line":18,"column":46},"end":{"line":18,"column":69}},"locations":[{"start":{"line":18,"column":46},"end":{"line":18,"column":69}}]},"10":{"type":"branch","line":18,"loc":{"start":{"line":18,"column":65},"end":{"line":18,"column":72}},"locations":[{"start":{"line":18,"column":65},"end":{"line":18,"column":72}}]},"11":{"type":"branch","line":23,"loc":{"start":{"line":23,"column":7},"end":{"line":25,"column":1}},"locations":[{"start":{"line":23,"column":7},"end":{"line":25,"column":1}}]},"12":{"type":"branch","line":27,"loc":{"start":{"line":27,"column":7},"end":{"line":30,"column":1}},"locations":[{"start":{"line":27,"column":7},"end":{"line":30,"column":1}}]},"13":{"type":"branch","line":29,"loc":{"start":{"line":29,"column":18},"end":{"line":29,"column":34}},"locations":[{"start":{"line":29,"column":18},"end":{"line":29,"column":34}}]}},"b":{"0":[2],"1":[1],"2":[3],"3":[1],"4":[1],"5":[1],"6":[2],"7":[4],"8":[7],"9":[3],"10":[4],"11":[1],"12":[1],"13":[3]},"fnMap":{"0":{"name":"chunk","decl":{"start":{"line":1,"column":7},"end":{"line":6,"column":1}},"loc":{"start":{"line":1,"column":7},"end":{"line":6,"column":1}},"line":1},"1":{"name":"compact","decl":{"start":{"line":8,"column":7},"end":{"line":10,"column":1}},"loc":{"start":{"line":8,"column":7},"end":{"line":10,"column":1}},"line":8},"2":{"name":"flatten","decl":{"start":{"line":12,"column":7},"end":{"line":14,"column":1}},"loc":{"start":{"line":12,"column":7},"end":{"line":14,"column":1}},"line":12},"3":{"name":"flattenDeep","decl":{"start":{"line":16,"column":7},"end":{"line":21,"column":1}},"loc":{"start":{"line":16,"column":7},"end":{"line":21,"column":1}},"line":16},"4":{"name":"uniq","decl":{"start":{"line":23,"column":7},"end":{"line":25,"column":1}},"loc":{"start":{"line":23,"column":7},"end":{"line":25,"column":1}},"line":23},"5":{"name":"intersection","decl":{"start":{"line":27,"column":7},"end":{"line":30,"column":1}},"loc":{"start":{"line":27,"column":7},"end":{"line":30,"column":1}},"line":27}},"f":{"0":2,"1":1,"2":1,"3":4,"4":1,"5":1}}
,"/Users/jutianfeng/Desktop/mini-ts-utils/src/func.ts": {"path":"/Users/jutianfeng/Desktop/mini-ts-utils/src/func.ts","all":false,"statementMap":{"0":{"start":{"line":1,"column":0},"end":{"line":1,"column":61}},"1":{"start":{"line":2,"column":0},"end":{"line":2,"column":20}},"2":{"start":{"line":3,"column":0},"end":{"line":3,"column":37}},"3":{"start":{"line":4,"column":0},"end":{"line":4,"column":43}},"4":{"start":{"line":5,"column":0},"end":{"line":5,"column":23}},"5":{"start":{"line":6,"column":0},"end":{"line":6,"column":24}},"6":{"start":{"line":7,"column":0},"end":{"line":7,"column":49}},"7":{"start":{"line":8,"column":0},"end":{"line":8,"column":4}},"8":{"start":{"line":9,"column":0},"end":{"line":9,"column":1}},"9":{"start":{"line":10,"column":0},"end":{"line":10,"column":0}},"10":{"start":{"line":11,"column":0},"end":{"line":11,"column":61}},"11":{"start":{"line":12,"column":0},"end":{"line":12,"column":20}},"12":{"start":{"line":13,"column":0},"end":{"line":13,"column":37}},"13":{"start":{"line":14,"column":0},"end":{"line":14,"column":46}},"14":{"start":{"line":15,"column":0},"end":{"line":15,"column":23}},"15":{"start":{"line":16,"column":0},"end":{"line":16,"column":27}},"16":{"start":{"line":17,"column":0},"end":{"line":17,"column":30}},"17":{"start":{"line":18,"column":0},"end":{"line":18,"column":17}},"18":{"start":{"line":19,"column":0},"end":{"line":19,"column":18}},"19":{"start":{"line":20,"column":0},"end":{"line":20,"column":5}},"20":{"start":{"line":21,"column":0},"end":{"line":21,"column":4}},"21":{"start":{"line":22,"column":0},"end":{"line":22,"column":1}},"22":{"start":{"line":23,"column":0},"end":{"line":23,"column":0}},"23":{"start":{"line":24,"column":0},"end":{"line":24,"column":67}},"24":{"start":{"line":25,"column":0},"end":{"line":25,"column":21}},"25":{"start":{"line":26,"column":0},"end":{"line":26,"column":28}},"26":{"start":{"line":27,"column":0},"end":{"line":27,"column":39}},"27":{"start":{"line":28,"column":0},"end":{"line":28,"column":18}},"28":{"start":{"line":29,"column":0},"end":{"line":29,"column":20}},"29":{"start":{"line":30,"column":0},"end":{"line":30,"column":27}},"30":{"start":{"line":31,"column":0},"end":{"line":31,"column":5}},"31":{"start":{"line":32,"column":0},"end":{"line":32,"column":18}},"32":{"start":{"line":33,"column":0},"end":{"line":33,"column":10}},"33":{"start":{"line":34,"column":0},"end":{"line":34,"column":1}}},"s":{"0":1,"1":1,"2":1,"3":1,"4":1,"5":2,"6":2,"7":2,"8":1,"9":1,"10":1,"11":1,"12":1,"13":1,"14":1,"15":3,"16":3,"17":2,"18":2,"19":2,"20":3,"21":1,"22":1,"23":1,"24":1,"25":1,"26":1,"27":2,"28":1,"29":1,"30":1,"31":2,"32":2,"33":1},"branchMap":{"0":{"type":"branch","line":1,"loc":{"start":{"line":1,"column":7},"end":{"line":9,"column":1}},"locations":[{"start":{"line":1,"column":7},"end":{"line":9,"column":1}}]},"1":{"type":"branch","line":5,"loc":{"start":{"line":5,"column":9},"end":{"line":8,"column":4}},"locations":[{"start":{"line":5,"column":9},"end":{"line":8,"column":4}}]},"2":{"type":"branch","line":7,"loc":{"start":{"line":7,"column":23},"end":{"line":7,"column":42}},"locations":[{"start":{"line":7,"column":23},"end":{"line":7,"column":42}}]},"3":{"type":"branch","line":11,"loc":{"start":{"line":11,"column":7},"end":{"line":22,"column":1}},"locations":[{"start":{"line":11,"column":7},"end":{"line":22,"column":1}}]},"4":{"type":"branch","line":15,"loc":{"start":{"line":15,"column":9},"end":{"line":21,"column":4}},"locations":[{"start":{"line":15,"column":9},"end":{"line":21,"column":4}}]},"5":{"type":"branch","line":17,"loc":{"start":{"line":17,"column":29},"end":{"line":20,"column":5}},"locations":[{"start":{"line":17,"column":29},"end":{"line":20,"column":5}}]},"6":{"type":"branch","line":24,"loc":{"start":{"line":24,"column":7},"end":{"line":34,"column":1}},"locations":[{"start":{"line":24,"column":7},"end":{"line":34,"column":1}}]},"7":{"type":"branch","line":27,"loc":{"start":{"line":27,"column":10},"end":{"line":33,"column":10}},"locations":[{"start":{"line":27,"column":10},"end":{"line":33,"column":10}}]},"8":{"type":"branch","line":28,"loc":{"start":{"line":28,"column":17},"end":{"line":31,"column":5}},"locations":[{"start":{"line":28,"column":17},"end":{"line":31,"column":5}}]}},"b":{"0":[1],"1":[2],"2":[1],"3":[1],"4":[3],"5":[2],"6":[1],"7":[2],"8":[1]},"fnMap":{"0":{"name":"debounce","decl":{"start":{"line":1,"column":7},"end":{"line":9,"column":1}},"loc":{"start":{"line":1,"column":7},"end":{"line":9,"column":1}},"line":1},"1":{"name":"throttle","decl":{"start":{"line":11,"column":7},"end":{"line":22,"column":1}},"loc":{"start":{"line":11,"column":7},"end":{"line":22,"column":1}},"line":11},"2":{"name":"once","decl":{"start":{"line":24,"column":7},"end":{"line":34,"column":1}},"loc":{"start":{"line":24,"column":7},"end":{"line":34,"column":1}},"line":24}},"f":{"0":1,"1":1,"2":1}}
,"/Users/jutianfeng/Desktop/mini-ts-utils/src/index.ts": {"path":"/Users/jutianfeng/Desktop/mini-ts-utils/src/index.ts","all":false,"statementMap":{"0":{"start":{"line":1,"column":0},"end":{"line":1,"column":24}},"1":{"start":{"line":2,"column":0},"end":{"line":2,"column":25}},"2":{"start":{"line":3,"column":0},"end":{"line":3,"column":25}},"3":{"start":{"line":4,"column":0},"end":{"line":4,"column":23}}},"s":{"0":1,"1":1,"2":1,"3":1},"branchMap":{},"b":{},"fnMap":{},"f":{}}
,"/Users/jutianfeng/Desktop/mini-ts-utils/src/object.ts": {"path":"/Users/jutianfeng/Desktop/mini-ts-utils/src/object.ts","all":false,"statementMap":{"0":{"start":{"line":1,"column":0},"end":{"line":1,"column":68}},"1":{"start":{"line":2,"column":0},"end":{"line":2,"column":78}},"2":{"start":{"line":3,"column":0},"end":{"line":3,"column":1}},"3":{"start":{"line":4,"column":0},"end":{"line":4,"column":0}},"4":{"start":{"line":5,"column":0},"end":{"line":5,"column":63}},"5":{"start":{"line":6,"column":0},"end":{"line":6,"column":37}},"6":{"start":{"line":7,"column":0},"end":{"line":7,"column":33}},"7":{"start":{"line":8,"column":0},"end":{"line":8,"column":45}},"8":{"start":{"line":9,"column":0},"end":{"line":9,"column":31}},"9":{"start":{"line":10,"column":0},"end":{"line":10,"column":33}},"10":{"start":{"line":11,"column":0},"end":{"line":11,"column":29}},"11":{"start":{"line":12,"column":0},"end":{"line":12,"column":63}},"12":{"start":{"line":13,"column":0},"end":{"line":13,"column":39}},"13":{"start":{"line":14,"column":0},"end":{"line":14,"column":14}},"14":{"start":{"line":15,"column":0},"end":{"line":15,"column":49}},"15":{"start":{"line":16,"column":0},"end":{"line":16,"column":7}},"16":{"start":{"line":17,"column":0},"end":{"line":17,"column":5}},"17":{"start":{"line":18,"column":0},"end":{"line":18,"column":3}},"18":{"start":{"line":19,"column":0},"end":{"line":19,"column":39}},"19":{"start":{"line":20,"column":0},"end":{"line":20,"column":1}},"20":{"start":{"line":21,"column":0},"end":{"line":21,"column":0}},"21":{"start":{"line":22,"column":0},"end":{"line":22,"column":75}},"22":{"start":{"line":23,"column":0},"end":{"line":23,"column":31}},"23":{"start":{"line":24,"column":0},"end":{"line":24,"column":56}},"24":{"start":{"line":25,"column":0},"end":{"line":25,"column":13}},"25":{"start":{"line":26,"column":0},"end":{"line":26,"column":1}},"26":{"start":{"line":27,"column":0},"end":{"line":27,"column":0}},"27":{"start":{"line":28,"column":0},"end":{"line":28,"column":75}},"28":{"start":{"line":29,"column":0},"end":{"line":29,"column":39}},"29":{"start":{"line":30,"column":0},"end":{"line":30,"column":40}},"30":{"start":{"line":31,"column":0},"end":{"line":31,"column":13}},"31":{"start":{"line":32,"column":0},"end":{"line":32,"column":1}},"32":{"start":{"line":33,"column":0},"end":{"line":33,"column":0}},"33":{"start":{"line":34,"column":0},"end":{"line":34,"column":41}},"34":{"start":{"line":35,"column":0},"end":{"line":35,"column":9}},"35":{"start":{"line":36,"column":0},"end":{"line":36,"column":10}},"36":{"start":{"line":37,"column":0},"end":{"line":37,"column":18}},"37":{"start":{"line":38,"column":0},"end":{"line":38,"column":8}},"38":{"start":{"line":39,"column":0},"end":{"line":39,"column":95}},"39":{"start":{"line":40,"column":0},"end":{"line":40,"column":1}}},"s":{"0":1,"1":17,"2":17,"3":1,"4":1,"5":7,"6":4,"7":7,"8":4,"9":6,"10":6,"11":2,"12":2,"13":6,"14":4,"15":4,"16":6,"17":4,"18":4,"19":4,"20":1,"21":1,"22":1,"23":1,"24":1,"25":1,"26":1,"27":1,"28":1,"29":1,"30":1,"31":1,"32":1,"33":1,"34":2,"35":2,"36":2,"37":2,"38":2,"39":2},"branchMap":{"0":{"type":"branch","line":1,"loc":{"start":{"line":1,"column":7},"end":{"line":3,"column":1}},"locations":[{"start":{"line":1,"column":7},"end":{"line":3,"column":1}}]},"1":{"type":"branch","line":2,"loc":{"start":{"line":2,"column":19},"end":{"line":2,"column":56}},"locations":[{"start":{"line":2,"column":19},"end":{"line":2,"column":56}}]},"2":{"type":"branch","line":2,"loc":{"start":{"line":2,"column":44},"end":{"line":2,"column":78}},"locations":[{"start":{"line":2,"column":44},"end":{"line":2,"column":78}}]},"3":{"type":"branch","line":5,"loc":{"start":{"line":5,"column":7},"end":{"line":20,"column":1}},"locations":[{"start":{"line":5,"column":7},"end":{"line":20,"column":1}}]},"4":{"type":"branch","line":6,"loc":{"start":{"line":6,"column":23},"end":{"line":6,"column":37}},"locations":[{"start":{"line":6,"column":23},"end":{"line":6,"column":37}}]},"5":{"type":"branch","line":6,"loc":{"start":{"line":6,"column":30},"end":{"line":8,"column":44}},"locations":[{"start":{"line":6,"column":30},"end":{"line":8,"column":44}}]},"6":{"type":"branch","line":8,"loc":{"start":{"line":8,"column":44},"end":{"line":20,"column":1}},"locations":[{"start":{"line":8,"column":44},"end":{"line":20,"column":1}}]},"7":{"type":"branch","line":9,"loc":{"start":{"line":9,"column":30},"end":{"line":17,"column":5}},"locations":[{"start":{"line":9,"column":30},"end":{"line":17,"column":5}}]},"8":{"type":"branch","line":11,"loc":{"start":{"line":11,"column":28},"end":{"line":14,"column":13}},"locations":[{"start":{"line":11,"column":28},"end":{"line":14,"column":13}}]},"9":{"type":"branch","line":12,"loc":{"start":{"line":12,"column":26},"end":{"line":12,"column":63}},"locations":[{"start":{"line":12,"column":26},"end":{"line":12,"column":63}}]},"10":{"type":"branch","line":14,"loc":{"start":{"line":14,"column":6},"end":{"line":16,"column":7}},"locations":[{"start":{"line":14,"column":6},"end":{"line":16,"column":7}}]},"11":{"type":"branch","line":22,"loc":{"start":{"line":22,"column":7},"end":{"line":26,"column":1}},"locations":[{"start":{"line":22,"column":7},"end":{"line":26,"column":1}}]},"12":{"type":"branch","line":24,"loc":{"start":{"line":24,"column":15},"end":{"line":24,"column":54}},"locations":[{"start":{"line":24,"column":15},"end":{"line":24,"column":54}}]},"13":{"type":"branch","line":28,"loc":{"start":{"line":28,"column":7},"end":{"line":32,"column":1}},"locations":[{"start":{"line":28,"column":7},"end":{"line":32,"column":1}}]},"14":{"type":"branch","line":30,"loc":{"start":{"line":30,"column":15},"end":{"line":30,"column":38}},"locations":[{"start":{"line":30,"column":15},"end":{"line":30,"column":38}}]},"15":{"type":"branch","line":34,"loc":{"start":{"line":34,"column":7},"end":{"line":40,"column":1}},"locations":[{"start":{"line":34,"column":7},"end":{"line":40,"column":1}}]},"16":{"type":"branch","line":39,"loc":{"start":{"line":39,"column":79},"end":{"line":39,"column":95}},"locations":[{"start":{"line":39,"column":79},"end":{"line":39,"column":95}}]},"17":{"type":"branch","line":39,"loc":{"start":{"line":39,"column":32},"end":{"line":39,"column":76}},"locations":[{"start":{"line":39,"column":32},"end":{"line":39,"column":76}}]},"18":{"type":"branch","line":39,"loc":{"start":{"line":39,"column":53},"end":{"line":39,"column":64}},"locations":[{"start":{"line":39,"column":53},"end":{"line":39,"column":64}}]},"19":{"type":"branch","line":39,"loc":{"start":{"line":39,"column":60},"end":{"line":39,"column":76}},"locations":[{"start":{"line":39,"column":60},"end":{"line":39,"column":76}}]}},"b":{"0":[17],"1":[16],"2":[12],"3":[7],"4":[3],"5":[4],"6":[4],"7":[6],"8":[2],"9":[1],"10":[4],"11":[1],"12":[1],"13":[1],"14":[1],"15":[2],"16":[1],"17":[6],"18":[5],"19":[1]},"fnMap":{"0":{"name":"isObject","decl":{"start":{"line":1,"column":7},"end":{"line":3,"column":1}},"loc":{"start":{"line":1,"column":7},"end":{"line":3,"column":1}},"line":1},"1":{"name":"mergeDeep","decl":{"start":{"line":5,"column":7},"end":{"line":20,"column":1}},"loc":{"start":{"line":5,"column":7},"end":{"line":20,"column":1}},"line":5},"2":{"name":"pick","decl":{"start":{"line":22,"column":7},"end":{"line":26,"column":1}},"loc":{"start":{"line":22,"column":7},"end":{"line":26,"column":1}},"line":22},"3":{"name":"omit","decl":{"start":{"line":28,"column":7},"end":{"line":32,"column":1}},"loc":{"start":{"line":28,"column":7},"end":{"line":32,"column":1}},"line":28},"4":{"name":"get","decl":{"start":{"line":34,"column":7},"end":{"line":40,"column":1}},"loc":{"start":{"line":34,"column":7},"end":{"line":40,"column":1}},"line":34}},"f":{"0":17,"1":7,"2":1,"3":1,"4":2}}
,"/Users/jutianfeng/Desktop/mini-ts-utils/src/string.ts": {"path":"/Users/jutianfeng/Desktop/mini-ts-utils/src/string.ts","all":false,"statementMap":{"0":{"start":{"line":1,"column":0},"end":{"line":1,"column":49}},"1":{"start":{"line":2,"column":0},"end":{"line":2,"column":52}},"2":{"start":{"line":3,"column":0},"end":{"line":3,"column":1}},"3":{"start":{"line":4,"column":0},"end":{"line":4,"column":0}},"4":{"start":{"line":5,"column":0},"end":{"line":5,"column":48}},"5":{"start":{"line":6,"column":0},"end":{"line":6,"column":12}},"6":{"start":{"line":7,"column":0},"end":{"line":7,"column":66}},"7":{"start":{"line":8,"column":0},"end":{"line":8,"column":43}},"8":{"start":{"line":9,"column":0},"end":{"line":9,"column":1}},"9":{"start":{"line":10,"column":0},"end":{"line":10,"column":0}},"10":{"start":{"line":11,"column":0},"end":{"line":11,"column":48}},"11":{"start":{"line":12,"column":0},"end":{"line":12,"column":12}},"12":{"start":{"line":13,"column":0},"end":{"line":13,"column":40}},"13":{"start":{"line":14,"column":0},"end":{"line":14,"column":25}},"14":{"start":{"line":15,"column":0},"end":{"line":15,"column":19}},"15":{"start":{"line":16,"column":0},"end":{"line":16,"column":1}},"16":{"start":{"line":17,"column":0},"end":{"line":17,"column":0}},"17":{"start":{"line":18,"column":0},"end":{"line":18,"column":48}},"18":{"start":{"line":19,"column":0},"end":{"line":19,"column":12}},"19":{"start":{"line":20,"column":0},"end":{"line":20,"column":40}},"20":{"start":{"line":21,"column":0},"end":{"line":21,"column":25}},"21":{"start":{"line":22,"column":0},"end":{"line":22,"column":19}},"22":{"start":{"line":23,"column":0},"end":{"line":23,"column":1}}},"s":{"0":1,"1":2,"2":2,"3":1,"4":1,"5":1,"6":1,"7":1,"8":1,"9":1,"10":1,"11":1,"12":1,"13":1,"14":1,"15":1,"16":1,"17":1,"18":1,"19":1,"20":1,"21":1,"22":1},"branchMap":{"0":{"type":"branch","line":1,"loc":{"start":{"line":1,"column":7},"end":{"line":3,"column":1}},"locations":[{"start":{"line":1,"column":7},"end":{"line":3,"column":1}}]},"1":{"type":"branch","line":5,"loc":{"start":{"line":5,"column":7},"end":{"line":9,"column":1}},"locations":[{"start":{"line":5,"column":7},"end":{"line":9,"column":1}}]},"2":{"type":"branch","line":7,"loc":{"start":{"line":7,"column":29},"end":{"line":7,"column":65}},"locations":[{"start":{"line":7,"column":29},"end":{"line":7,"column":65}}]},"3":{"type":"branch","line":7,"loc":{"start":{"line":7,"column":58},"end":{"line":7,"column":65}},"locations":[{"start":{"line":7,"column":58},"end":{"line":7,"column":65}}]},"4":{"type":"branch","line":8,"loc":{"start":{"line":8,"column":21},"end":{"line":8,"column":41}},"locations":[{"start":{"line":8,"column":21},"end":{"line":8,"column":41}}]},"5":{"type":"branch","line":11,"loc":{"start":{"line":11,"column":7},"end":{"line":16,"column":1}},"locations":[{"start":{"line":11,"column":7},"end":{"line":16,"column":1}}]},"6":{"type":"branch","line":18,"loc":{"start":{"line":18,"column":7},"end":{"line":23,"column":1}},"locations":[{"start":{"line":18,"column":7},"end":{"line":23,"column":1}}]}},"b":{"0":[2],"1":[1],"2":[3],"3":[0],"4":[1],"5":[1],"6":[1]},"fnMap":{"0":{"name":"capitalize","decl":{"start":{"line":1,"column":7},"end":{"line":3,"column":1}},"loc":{"start":{"line":1,"column":7},"end":{"line":3,"column":1}},"line":1},"1":{"name":"camelCase","decl":{"start":{"line":5,"column":7},"end":{"line":9,"column":1}},"loc":{"start":{"line":5,"column":7},"end":{"line":9,"column":1}},"line":5},"2":{"name":"kebabCase","decl":{"start":{"line":11,"column":7},"end":{"line":16,"column":1}},"loc":{"start":{"line":11,"column":7},"end":{"line":16,"column":1}},"line":11},"3":{"name":"snakeCase","decl":{"start":{"line":18,"column":7},"end":{"line":23,"column":1}},"loc":{"start":{"line":18,"column":7},"end":{"line":23,"column":1}},"line":18}},"f":{"0":2,"1":1,"2":1,"3":1}}
}
